<?xml version="1.0" encoding="UTF-8"?>
<!-- Generated by org.testng.reporters.JUnitReportReporter -->
<testsuite skipped="0" hostname="CDC2-D-CLJTXJ2" name="ReportOnlineShopping" tests="5" failures="0" timestamp="2019-09-25T14:48:01 IST" time="43.339" errors="0">
  <testcase name="passtest" time="9.460" classname="ReportOnlineShopping"/>
  <testcase name="testRegistration" time="13.784" classname="ReportOnlineShopping"/>
  <testcase name="testLogin" time="2.484" classname="ReportOnlineShopping"/>
  <testcase name="testCart" time="5.356" classname="ReportOnlineShopping"/>
  <testcase name="testPayment" time="12.255" classname="ReportOnlineShopping"/>
</testsuite> <!-- ReportOnlineShopping -->
