<?xml version="1.0" encoding="UTF-8"?>
<!-- Generated by org.testng.reporters.JUnitReportReporter -->
<testsuite skipped="0" hostname="CDC2-D-CLJTXJ2" name="testmeApp.OnlineShoppingTest" tests="4" failures="0" timestamp="2019-09-24T10:06:50 IST" time="22.142" errors="0">
  <testcase name="testRegistration" time="8.013" classname="testmeApp.OnlineShoppingTest"/>
  <testcase name="testLogin" time="0.751" classname="testmeApp.OnlineShoppingTest"/>
  <testcase name="testCart" time="7.621" classname="testmeApp.OnlineShoppingTest"/>
  <testcase name="testPayment" time="5.757" classname="testmeApp.OnlineShoppingTest"/>
</testsuite> <!-- testmeApp.OnlineShoppingTest -->
